Determining if the pthread_create exist failed with the following output:
Change Dir: /home/smusso/Dropbox/Work/uber/bin/CMakeFiles/CMakeTmp

Run Build Command:"/usr/bin/make" "cmTryCompileExec1334130388/fast"
/usr/bin/make -f CMakeFiles/cmTryCompileExec1334130388.dir/build.make CMakeFiles/cmTryCompileExec1334130388.dir/build
make[1]: Entering directory '/home/smusso/Dropbox/Work/uber/bin/CMakeFiles/CMakeTmp'
/usr/bin/cmake -E cmake_progress_report /home/smusso/Dropbox/Work/uber/bin/CMakeFiles/CMakeTmp/CMakeFiles 1
Building C object CMakeFiles/cmTryCompileExec1334130388.dir/CheckSymbolExists.c.o
/usr/bin/cc    -o CMakeFiles/cmTryCompileExec1334130388.dir/CheckSymbolExists.c.o   -c /home/smusso/Dropbox/Work/uber/bin/CMakeFiles/CMakeTmp/CheckSymbolExists.c
Linking C executable cmTryCompileExec1334130388
/usr/bin/cmake -E cmake_link_script CMakeFiles/cmTryCompileExec1334130388.dir/link.txt --verbose=1
/usr/bin/cc        CMakeFiles/cmTryCompileExec1334130388.dir/CheckSymbolExists.c.o  -o cmTryCompileExec1334130388 -rdynamic 
CMakeFiles/cmTryCompileExec1334130388.dir/CheckSymbolExists.c.o: In function `main':
CheckSymbolExists.c:(.text+0x16): undefined reference to `pthread_create'
collect2: error: ld returned 1 exit status
CMakeFiles/cmTryCompileExec1334130388.dir/build.make:88: recipe for target 'cmTryCompileExec1334130388' failed
make[1]: Leaving directory '/home/smusso/Dropbox/Work/uber/bin/CMakeFiles/CMakeTmp'
Makefile:118: recipe for target 'cmTryCompileExec1334130388/fast' failed
make[1]: *** [cmTryCompileExec1334130388] Error 1
make: *** [cmTryCompileExec1334130388/fast] Error 2

File /home/smusso/Dropbox/Work/uber/bin/CMakeFiles/CMakeTmp/CheckSymbolExists.c:
/* */
#include <pthread.h>

int main(int argc, char** argv)
{
  (void)argv;
#ifndef pthread_create
  return ((int*)(&pthread_create))[argc];
#else
  (void)argc;
  return 0;
#endif
}

Determining if the function pthread_create exists in the pthreads failed with the following output:
Change Dir: /home/smusso/Dropbox/Work/uber/bin/CMakeFiles/CMakeTmp

Run Build Command:"/usr/bin/make" "cmTryCompileExec3251663088/fast"
/usr/bin/make -f CMakeFiles/cmTryCompileExec3251663088.dir/build.make CMakeFiles/cmTryCompileExec3251663088.dir/build
make[1]: Entering directory '/home/smusso/Dropbox/Work/uber/bin/CMakeFiles/CMakeTmp'
/usr/bin/cmake -E cmake_progress_report /home/smusso/Dropbox/Work/uber/bin/CMakeFiles/CMakeTmp/CMakeFiles 1
Building C object CMakeFiles/cmTryCompileExec3251663088.dir/CheckFunctionExists.c.o
/usr/bin/cc   -DCHECK_FUNCTION_EXISTS=pthread_create   -o CMakeFiles/cmTryCompileExec3251663088.dir/CheckFunctionExists.c.o   -c /usr/share/cmake-3.0/Modules/CheckFunctionExists.c
Linking C executable cmTryCompileExec3251663088
/usr/bin/cmake -E cmake_link_script CMakeFiles/cmTryCompileExec3251663088.dir/link.txt --verbose=1
/usr/bin/cc    -DCHECK_FUNCTION_EXISTS=pthread_create    CMakeFiles/cmTryCompileExec3251663088.dir/CheckFunctionExists.c.o  -o cmTryCompileExec3251663088 -rdynamic -lpthreads 
/usr/bin/ld: cannot find -lpthreads
collect2: error: ld returned 1 exit status
CMakeFiles/cmTryCompileExec3251663088.dir/build.make:88: recipe for target 'cmTryCompileExec3251663088' failed
make[1]: Leaving directory '/home/smusso/Dropbox/Work/uber/bin/CMakeFiles/CMakeTmp'
Makefile:118: recipe for target 'cmTryCompileExec3251663088/fast' failed
make[1]: *** [cmTryCompileExec3251663088] Error 1
make: *** [cmTryCompileExec3251663088/fast] Error 2


