Determining if the pthread_create exist failed with the following output:
Change Dir: /home/smusso/Dropbox/Work/uber/shared/bin/CMakeFiles/CMakeTmp

Run Build Command:"/usr/bin/make" "cmTryCompileExec3703226429/fast"
/usr/bin/make -f CMakeFiles/cmTryCompileExec3703226429.dir/build.make CMakeFiles/cmTryCompileExec3703226429.dir/build
make[1]: Entering directory '/home/smusso/Dropbox/Work/uber/shared/bin/CMakeFiles/CMakeTmp'
/usr/bin/cmake -E cmake_progress_report /home/smusso/Dropbox/Work/uber/shared/bin/CMakeFiles/CMakeTmp/CMakeFiles 1
Building C object CMakeFiles/cmTryCompileExec3703226429.dir/CheckSymbolExists.c.o
/usr/bin/cc    -o CMakeFiles/cmTryCompileExec3703226429.dir/CheckSymbolExists.c.o   -c /home/smusso/Dropbox/Work/uber/shared/bin/CMakeFiles/CMakeTmp/CheckSymbolExists.c
Linking C executable cmTryCompileExec3703226429
/usr/bin/cmake -E cmake_link_script CMakeFiles/cmTryCompileExec3703226429.dir/link.txt --verbose=1
/usr/bin/cc        CMakeFiles/cmTryCompileExec3703226429.dir/CheckSymbolExists.c.o  -o cmTryCompileExec3703226429 -rdynamic 
CMakeFiles/cmTryCompileExec3703226429.dir/CheckSymbolExists.c.o: In function `main':
CheckSymbolExists.c:(.text+0x16): undefined reference to `pthread_create'
collect2: error: ld returned 1 exit status
CMakeFiles/cmTryCompileExec3703226429.dir/build.make:88: recipe for target 'cmTryCompileExec3703226429' failed
make[1]: Leaving directory '/home/smusso/Dropbox/Work/uber/shared/bin/CMakeFiles/CMakeTmp'
Makefile:118: recipe for target 'cmTryCompileExec3703226429/fast' failed
make[1]: *** [cmTryCompileExec3703226429] Error 1
make: *** [cmTryCompileExec3703226429/fast] Error 2

File /home/smusso/Dropbox/Work/uber/shared/bin/CMakeFiles/CMakeTmp/CheckSymbolExists.c:
/* */
#include <pthread.h>

int main(int argc, char** argv)
{
  (void)argv;
#ifndef pthread_create
  return ((int*)(&pthread_create))[argc];
#else
  (void)argc;
  return 0;
#endif
}

Determining if the function pthread_create exists in the pthreads failed with the following output:
Change Dir: /home/smusso/Dropbox/Work/uber/shared/bin/CMakeFiles/CMakeTmp

Run Build Command:"/usr/bin/make" "cmTryCompileExec1294081200/fast"
/usr/bin/make -f CMakeFiles/cmTryCompileExec1294081200.dir/build.make CMakeFiles/cmTryCompileExec1294081200.dir/build
make[1]: Entering directory '/home/smusso/Dropbox/Work/uber/shared/bin/CMakeFiles/CMakeTmp'
/usr/bin/cmake -E cmake_progress_report /home/smusso/Dropbox/Work/uber/shared/bin/CMakeFiles/CMakeTmp/CMakeFiles 1
Building C object CMakeFiles/cmTryCompileExec1294081200.dir/CheckFunctionExists.c.o
/usr/bin/cc   -DCHECK_FUNCTION_EXISTS=pthread_create   -o CMakeFiles/cmTryCompileExec1294081200.dir/CheckFunctionExists.c.o   -c /usr/share/cmake-3.0/Modules/CheckFunctionExists.c
Linking C executable cmTryCompileExec1294081200
/usr/bin/cmake -E cmake_link_script CMakeFiles/cmTryCompileExec1294081200.dir/link.txt --verbose=1
/usr/bin/cc    -DCHECK_FUNCTION_EXISTS=pthread_create    CMakeFiles/cmTryCompileExec1294081200.dir/CheckFunctionExists.c.o  -o cmTryCompileExec1294081200 -rdynamic -lpthreads 
/usr/bin/ld: cannot find -lpthreads
collect2: error: ld returned 1 exit status
CMakeFiles/cmTryCompileExec1294081200.dir/build.make:88: recipe for target 'cmTryCompileExec1294081200' failed
make[1]: Leaving directory '/home/smusso/Dropbox/Work/uber/shared/bin/CMakeFiles/CMakeTmp'
Makefile:118: recipe for target 'cmTryCompileExec1294081200/fast' failed
make[1]: *** [cmTryCompileExec1294081200] Error 1
make: *** [cmTryCompileExec1294081200/fast] Error 2


